<?xml version="1.0" encoding="UTF-8"?>
<testsuite name="SILab2Test" tests="1" skipped="0" failures="0" errors="0" timestamp="2022-06-03T12:44:35" hostname="DESKTOP-JV68U56" time="0.016">
  <properties/>
  <testcase name="testRegularLists()" classname="SILab2Test" time="0.016"/>
  <system-out><![CDATA[]]></system-out>
  <system-err><![CDATA[]]></system-err>
</testsuite>
